[     435ms] [INFO] %cDownload the React DevTools for a better development experience: https://react.dev/link/react-devtools font-weight:bold @ http://localhost:3000/_next/static/chunks/node_modules_next_dist_115brz8._.js:2431
[     472ms] [LOG] [HMR] connected @ http://localhost:3000/_next/static/chunks/node_modules_next_dist_115brz8._.js:2431
[     666ms] [INFO] 🌐 i18next is made possible by our own product, Locize — consider powering your project with managed localization (AI, CDN, integrations): https://locize.com 💙 @ http://localhost:3000/_next/static/chunks/node_modules_next_dist_115brz8._.js:2431
[    1207ms] [WARNING] Image with src "https://niylxpvafywjonrphddp.supabase.co/storage/v1/object/public/media/regions/region-golden-triangle-1776153777744.webp?_t=0" is using quality "70" which is not configured in images.qualities [50, 52, 54, 56, 72, 80]. Please update your config to [50, 52, 54, 56, 70, 72, 80].
Read more: https://nextjs.org/docs/messages/next-image-unconfigured-qualities @ http://localhost:3000/_next/static/chunks/node_modules_next_dist_115brz8._.js:2431
[    1210ms] [WARNING] Image with src "https://niylxpvafywjonrphddp.supabase.co/storage/v1/object/public/media/regions/region-vilamoura-prestige-1776154462556.webp?_t=0" is using quality "70" which is not configured in images.qualities [50, 52, 54, 56, 72, 80]. Please update your config to [50, 52, 54, 56, 70, 72, 80].
Read more: https://nextjs.org/docs/messages/next-image-unconfigured-qualities @ http://localhost:3000/_next/static/chunks/node_modules_next_dist_115brz8._.js:2431
[    1212ms] [WARNING] Image with src "https://niylxpvafywjonrphddp.supabase.co/storage/v1/object/public/media/regions/region-carvoeiro-cliffs-1776154495506.webp?_t=0" is using quality "70" which is not configured in images.qualities [50, 52, 54, 56, 72, 80]. Please update your config to [50, 52, 54, 56, 70, 72, 80].
Read more: https://nextjs.org/docs/messages/next-image-unconfigured-qualities @ http://localhost:3000/_next/static/chunks/node_modules_next_dist_115brz8._.js:2431
[    1214ms] [WARNING] Image with src "https://niylxpvafywjonrphddp.supabase.co/storage/v1/object/public/media/regions/region-lagos-signature-1776154554952.webp?_t=0" is using quality "70" which is not configured in images.qualities [50, 52, 54, 56, 72, 80]. Please update your config to [50, 52, 54, 56, 70, 72, 80].
Read more: https://nextjs.org/docs/messages/next-image-unconfigured-qualities @ http://localhost:3000/_next/static/chunks/node_modules_next_dist_115brz8._.js:2431
[    1216ms] [WARNING] Image with src "https://niylxpvafywjonrphddp.supabase.co/storage/v1/object/public/media/regions/region-tavira-heritage-1776154581378.webp?_t=0" is using quality "70" which is not configured in images.qualities [50, 52, 54, 56, 72, 80]. Please update your config to [50, 52, 54, 56, 70, 72, 80].
Read more: https://nextjs.org/docs/messages/next-image-unconfigured-qualities @ http://localhost:3000/_next/static/chunks/node_modules_next_dist_115brz8._.js:2431
[    1219ms] [WARNING] Image with src "https://niylxpvafywjonrphddp.supabase.co/storage/v1/object/public/media/regions/region-monchique-retreats-1776154612604.webp?_t=0" is using quality "70" which is not configured in images.qualities [50, 52, 54, 56, 72, 80]. Please update your config to [50, 52, 54, 56, 70, 72, 80].
Read more: https://nextjs.org/docs/messages/next-image-unconfigured-qualities @ http://localhost:3000/_next/static/chunks/node_modules_next_dist_115brz8._.js:2431
[    1221ms] [WARNING] Image with src "https://niylxpvafywjonrphddp.supabase.co/storage/v1/object/public/media/regions/region-sagres-atlantic-1776154644663.webp?_t=0" is using quality "70" which is not configured in images.qualities [50, 52, 54, 56, 72, 80]. Please update your config to [50, 52, 54, 56, 70, 72, 80].
Read more: https://nextjs.org/docs/messages/next-image-unconfigured-qualities @ http://localhost:3000/_next/static/chunks/node_modules_next_dist_115brz8._.js:2431
[    1223ms] [WARNING] Image with src "https://niylxpvafywjonrphddp.supabase.co/storage/v1/object/public/media/regions/region-portimao-prime-1776154671481.webp?_t=0" is using quality "70" which is not configured in images.qualities [50, 52, 54, 56, 72, 80]. Please update your config to [50, 52, 54, 56, 70, 72, 80].
Read more: https://nextjs.org/docs/messages/next-image-unconfigured-qualities @ http://localhost:3000/_next/static/chunks/node_modules_next_dist_115brz8._.js:2431
[    2618ms] [WARNING] Image with src "https://niylxpvafywjonrphddp.supabase.co/storage/v1/object/public/listing-images/1929430c-82d8-4a37-b1f3-bfe9b560e763/1773313842463-vga89uh.webp" has "fill" and a height value of 0. This is likely because the parent element of the image has not been styled to have a set height. @ http://localhost:3000/_next/static/chunks/node_modules_next_dist_115brz8._.js:2431
[    2622ms] [WARNING] Image with src "https://niylxpvafywjonrphddp.supabase.co/storage/v1/object/public/listing-images/admin-listings/1776798852680-f82c76e7-b58d-4196-aab9-ddcafaac2ecb.webp" has "fill" and a height value of 0. This is likely because the parent element of the image has not been styled to have a set height. @ http://localhost:3000/_next/static/chunks/node_modules_next_dist_115brz8._.js:2431
[    2623ms] [WARNING] Image with src "https://niylxpvafywjonrphddp.supabase.co/storage/v1/object/public/listing-images/26eb8a26-734a-488c-96f4-d4239094c37b/1773317529494-7xybb6r.webp" has "fill" and a height value of 0. This is likely because the parent element of the image has not been styled to have a set height. @ http://localhost:3000/_next/static/chunks/node_modules_next_dist_115brz8._.js:2431
[    2860ms] [WARNING] Image with src "https://niylxpvafywjonrphddp.supabase.co/storage/v1/object/public/listing-images/fd67d847-e1fd-41ec-83f5-57cdffb3f7c5/1776243687894-3jl21s8.webp" has "fill" and a height value of 0. This is likely because the parent element of the image has not been styled to have a set height. @ http://localhost:3000/_next/static/chunks/node_modules_next_dist_115brz8._.js:2431
