[     636ms] [INFO] %cDownload the React DevTools for a better development experience: https://react.dev/link/react-devtools font-weight:bold @ http://localhost:3000/_next/static/chunks/node_modules_next_dist_115brz8._.js:2431
[     672ms] [LOG] [HMR] connected @ http://localhost:3000/_next/static/chunks/node_modules_next_dist_115brz8._.js:2431
[     719ms] [INFO] 🌐 i18next is made possible by our own product, Locize — consider powering your project with managed localization (AI, CDN, integrations): https://locize.com 💙 @ http://localhost:3000/_next/static/chunks/node_modules_next_dist_115brz8._.js:2431
[    1150ms] [WARNING] Image with src "https://niylxpvafywjonrphddp.supabase.co/storage/v1/object/public/media/regions/region-golden-triangle-1776153777744.webp?_t=0" is using quality "76" which is not configured in images.qualities [50, 52, 54, 56, 72, 80]. Please update your config to [50, 52, 54, 56, 72, 76, 80].
Read more: https://nextjs.org/docs/messages/next-image-unconfigured-qualities @ http://localhost:3000/_next/static/chunks/node_modules_next_dist_115brz8._.js:2431
[    1153ms] [WARNING] Image with src "https://niylxpvafywjonrphddp.supabase.co/storage/v1/object/public/media/regions/region-vilamoura-prestige-1776154462556.webp?_t=0" is using quality "68" which is not configured in images.qualities [50, 52, 54, 56, 72, 80]. Please update your config to [50, 52, 54, 56, 68, 72, 80].
Read more: https://nextjs.org/docs/messages/next-image-unconfigured-qualities @ http://localhost:3000/_next/static/chunks/node_modules_next_dist_115brz8._.js:2431
[    1155ms] [WARNING] Image with src "https://niylxpvafywjonrphddp.supabase.co/storage/v1/object/public/media/regions/region-carvoeiro-cliffs-1776154495506.webp?_t=0" is using quality "68" which is not configured in images.qualities [50, 52, 54, 56, 72, 80]. Please update your config to [50, 52, 54, 56, 68, 72, 80].
Read more: https://nextjs.org/docs/messages/next-image-unconfigured-qualities @ http://localhost:3000/_next/static/chunks/node_modules_next_dist_115brz8._.js:2431
[    1157ms] [WARNING] Image with src "https://niylxpvafywjonrphddp.supabase.co/storage/v1/object/public/media/regions/region-lagos-signature-1776154554952.webp?_t=0" is using quality "68" which is not configured in images.qualities [50, 52, 54, 56, 72, 80]. Please update your config to [50, 52, 54, 56, 68, 72, 80].
Read more: https://nextjs.org/docs/messages/next-image-unconfigured-qualities @ http://localhost:3000/_next/static/chunks/node_modules_next_dist_115brz8._.js:2431
[    1159ms] [WARNING] Image with src "https://niylxpvafywjonrphddp.supabase.co/storage/v1/object/public/media/regions/region-tavira-heritage-1776154581378.webp?_t=0" is using quality "68" which is not configured in images.qualities [50, 52, 54, 56, 72, 80]. Please update your config to [50, 52, 54, 56, 68, 72, 80].
Read more: https://nextjs.org/docs/messages/next-image-unconfigured-qualities @ http://localhost:3000/_next/static/chunks/node_modules_next_dist_115brz8._.js:2431
[    1605ms] [WARNING] Image with src "https://niylxpvafywjonrphddp.supabase.co/storage/v1/object/public/listing-images/1929430c-82d8-4a37-b1f3-bfe9b560e763/1773313842463-vga89uh.webp" is using quality "76" which is not configured in images.qualities [50, 52, 54, 56, 72, 80]. Please update your config to [50, 52, 54, 56, 72, 76, 80].
Read more: https://nextjs.org/docs/messages/next-image-unconfigured-qualities @ http://localhost:3000/_next/static/chunks/node_modules_next_dist_115brz8._.js:2431
[    1606ms] [WARNING] Image with src "https://niylxpvafywjonrphddp.supabase.co/storage/v1/object/public/listing-images/admin-listings/1776798852680-f82c76e7-b58d-4196-aab9-ddcafaac2ecb.webp" is using quality "68" which is not configured in images.qualities [50, 52, 54, 56, 72, 80]. Please update your config to [50, 52, 54, 56, 68, 72, 80].
Read more: https://nextjs.org/docs/messages/next-image-unconfigured-qualities @ http://localhost:3000/_next/static/chunks/node_modules_next_dist_115brz8._.js:2431
[    1607ms] [WARNING] Image with src "https://static.wixstatic.com/media/20bbc3_c2b50784f1b8477ebf4c50e4eb0378d2~mv2.jpg/v1/fill/w_782,h_609,al_c,q_85,usm_0.66_1.00_0.01,enc_avif,quality_auto/20bbc3_c2b50784f1b8477ebf4c50e4eb0378d2~mv2.jpg" is using quality "68" which is not configured in images.qualities [50, 52, 54, 56, 72, 80]. Please update your config to [50, 52, 54, 56, 68, 72, 80].
Read more: https://nextjs.org/docs/messages/next-image-unconfigured-qualities @ http://localhost:3000/_next/static/chunks/node_modules_next_dist_115brz8._.js:2431
[    1608ms] [WARNING] Image with src "https://www.tudobem.pt/wp-content/uploads/loja-tudo-bem-olhao.jpg" is using quality "68" which is not configured in images.qualities [50, 52, 54, 56, 72, 80]. Please update your config to [50, 52, 54, 56, 68, 72, 80].
Read more: https://nextjs.org/docs/messages/next-image-unconfigured-qualities @ http://localhost:3000/_next/static/chunks/node_modules_next_dist_115brz8._.js:2431
[    1609ms] [WARNING] Image with src "https://niylxpvafywjonrphddp.supabase.co/storage/v1/object/public/listing-images/fd67d847-e1fd-41ec-83f5-57cdffb3f7c5/1776243687894-3jl21s8.webp" is using quality "68" which is not configured in images.qualities [50, 52, 54, 56, 72, 80]. Please update your config to [50, 52, 54, 56, 68, 72, 80].
Read more: https://nextjs.org/docs/messages/next-image-unconfigured-qualities @ http://localhost:3000/_next/static/chunks/node_modules_next_dist_115brz8._.js:2431
[    1609ms] [WARNING] Image with src "https://physioin.pt/wp-content/uploads/2023/06/Home-Hero-0010.jpg" is using quality "68" which is not configured in images.qualities [50, 52, 54, 56, 72, 80]. Please update your config to [50, 52, 54, 56, 68, 72, 80].
Read more: https://nextjs.org/docs/messages/next-image-unconfigured-qualities @ http://localhost:3000/_next/static/chunks/node_modules_next_dist_115brz8._.js:2431
[    1610ms] [WARNING] Image with src "https://niylxpvafywjonrphddp.supabase.co/storage/v1/object/public/listing-images/26eb8a26-734a-488c-96f4-d4239094c37b/1773317529494-7xybb6r.webp" is using quality "68" which is not configured in images.qualities [50, 52, 54, 56, 72, 80]. Please update your config to [50, 52, 54, 56, 68, 72, 80].
Read more: https://nextjs.org/docs/messages/next-image-unconfigured-qualities @ http://localhost:3000/_next/static/chunks/node_modules_next_dist_115brz8._.js:2431
[    1610ms] [WARNING] Image with src "https://images.unsplash.com/photo-1714581731709-a33f3103109d?crop=entropy&cs=tinysrgb&fit=max&fm=jpg&ixid=M3w4ODYwNjR8MHwxfHJhbmRvbXx8fHx8fHx8fDE3NzI0NzI5ODN8&ixlib=rb-4.1.0&q=80&w=1080" is using quality "68" which is not configured in images.qualities [50, 52, 54, 56, 72, 80]. Please update your config to [50, 52, 54, 56, 68, 72, 80].
Read more: https://nextjs.org/docs/messages/next-image-unconfigured-qualities @ http://localhost:3000/_next/static/chunks/node_modules_next_dist_115brz8._.js:2431
[  163652ms] [LOG] [Fast Refresh] rebuilding @ http://localhost:3000/_next/static/chunks/node_modules_next_dist_115brz8._.js:2431
[  163876ms] [LOG] [Fast Refresh] done in 234ms @ http://localhost:3000/_next/static/chunks/node_modules_next_dist_115brz8._.js:2431
[  365619ms] [LOG] [Fast Refresh] rebuilding @ http://localhost:3000/_next/static/chunks/node_modules_next_dist_115brz8._.js:2431
[  365759ms] [LOG] [Fast Refresh] done in 233ms @ http://localhost:3000/_next/static/chunks/node_modules_next_dist_115brz8._.js:2431
[  549426ms] [LOG] [Fast Refresh] rebuilding @ http://localhost:3000/_next/static/chunks/node_modules_next_dist_115brz8._.js:2431
[  549695ms] [LOG] [Fast Refresh] done in 348ms @ http://localhost:3000/_next/static/chunks/node_modules_next_dist_115brz8._.js:2431
[  884808ms] [LOG] [Fast Refresh] rebuilding @ http://localhost:3000/_next/static/chunks/node_modules_next_dist_115brz8._.js:2431
[11643026ms] [ERROR] WebSocket connection to 'ws://localhost:3000/_next/webpack-hmr?id=N4A7IwOnYxzZ6FRm8tkD-' failed: Error in connection establishment: net::ERR_CONNECTION_REFUSED @ http://localhost:3000/_next/static/chunks/node_modules_next_dist_client_0fhqo1d._.js:13299
[11644029ms] [ERROR] WebSocket connection to 'ws://localhost:3000/_next/webpack-hmr?id=N4A7IwOnYxzZ6FRm8tkD-' failed: Error in connection establishment: net::ERR_CONNECTION_REFUSED @ http://localhost:3000/_next/static/chunks/node_modules_next_dist_client_0fhqo1d._.js:13299
[11645031ms] [ERROR] WebSocket connection to 'ws://localhost:3000/_next/webpack-hmr?id=N4A7IwOnYxzZ6FRm8tkD-' failed: Error in connection establishment: net::ERR_CONNECTION_REFUSED @ http://localhost:3000/_next/static/chunks/node_modules_next_dist_client_0fhqo1d._.js:13299
[11646035ms] [ERROR] WebSocket connection to 'ws://localhost:3000/_next/webpack-hmr?id=N4A7IwOnYxzZ6FRm8tkD-' failed: Error in connection establishment: net::ERR_CONNECTION_REFUSED @ http://localhost:3000/_next/static/chunks/node_modules_next_dist_client_0fhqo1d._.js:13299
[11647041ms] [ERROR] WebSocket connection to 'ws://localhost:3000/_next/webpack-hmr?id=N4A7IwOnYxzZ6FRm8tkD-' failed: Error in connection establishment: net::ERR_CONNECTION_REFUSED @ http://localhost:3000/_next/static/chunks/node_modules_next_dist_client_0fhqo1d._.js:13299
[11652049ms] [ERROR] WebSocket connection to 'ws://localhost:3000/_next/webpack-hmr?id=N4A7IwOnYxzZ6FRm8tkD-' failed: Error in connection establishment: net::ERR_CONNECTION_REFUSED @ http://localhost:3000/_next/static/chunks/node_modules_next_dist_client_0fhqo1d._.js:13299
[11657057ms] [ERROR] WebSocket connection to 'ws://localhost:3000/_next/webpack-hmr?id=N4A7IwOnYxzZ6FRm8tkD-' failed: Error in connection establishment: net::ERR_CONNECTION_REFUSED @ http://localhost:3000/_next/static/chunks/node_modules_next_dist_client_0fhqo1d._.js:13299
[11662073ms] [LOG] [HMR] connected @ http://localhost:3000/_next/static/chunks/node_modules_next_dist_115brz8._.js:2431
[11664736ms] [INFO] %cDownload the React DevTools for a better development experience: https://react.dev/link/react-devtools font-weight:bold @ http://localhost:3000/_next/static/chunks/node_modules_next_dist_115brz8._.js:2431
[11664754ms] [LOG] [HMR] connected @ http://localhost:3000/_next/static/chunks/node_modules_next_dist_115brz8._.js:2431
[11664841ms] [INFO] 🌐 i18next is made possible by our own product, Locize — consider powering your project with managed localization (AI, CDN, integrations): https://locize.com 💙 @ http://localhost:3000/_next/static/chunks/node_modules_next_dist_115brz8._.js:2431
[11666748ms] [ERROR] Access to image at 'https://www.tudobem.pt/wp-content/uploads/loja-tudo-bem-olhao.jpg' from origin 'http://localhost:3000' has been blocked by CORS policy: No 'Access-Control-Allow-Origin' header is present on the requested resource. @ http://localhost:3000/:0
[11666748ms] [ERROR] Failed to load resource: net::ERR_FAILED @ https://www.tudobem.pt/wp-content/uploads/loja-tudo-bem-olhao.jpg:0
[11666748ms] [ERROR] Access to image at 'https://physioin.pt/wp-content/uploads/2023/06/Home-Hero-0010.jpg' from origin 'http://localhost:3000' has been blocked by CORS policy: No 'Access-Control-Allow-Origin' header is present on the requested resource. @ http://localhost:3000/:0
[11666748ms] [ERROR] Failed to load resource: net::ERR_FAILED @ https://physioin.pt/wp-content/uploads/2023/06/Home-Hero-0010.jpg:0
[11818616ms] [LOG] [Fast Refresh] rebuilding @ http://localhost:3000/_next/static/chunks/node_modules_next_dist_115brz8._.js:2431
[11818664ms] [LOG] [Fast Refresh] done in 151ms @ http://localhost:3000/_next/static/chunks/node_modules_next_dist_115brz8._.js:2431
[11898464ms] [LOG] [Fast Refresh] rebuilding @ http://localhost:3000/_next/static/chunks/node_modules_next_dist_115brz8._.js:2431
[11899463ms] [LOG] [Fast Refresh] done in 1042ms @ http://localhost:3000/_next/static/chunks/node_modules_next_dist_115brz8._.js:2431
[12218371ms] [LOG] [Fast Refresh] rebuilding @ http://localhost:3000/_next/static/chunks/node_modules_next_dist_115brz8._.js:2431
[12218500ms] [LOG] [Fast Refresh] done in 203ms @ http://localhost:3000/_next/static/chunks/node_modules_next_dist_115brz8._.js:2431
